<?xml version="1.0" encoding="UTF-8"?>
<!-- Generated by org.testng.reporters.JUnitReportReporter -->
<testsuite skipped="0" hostname="NOHA-Legion-LAP" name="Runner.TestRunner" tests="12" failures="0" timestamp="2022-03-29T12:39:55 EET" time="97.501" errors="0">
  <testcase name="runScenario" time="4.984" classname="Runner.TestRunner"/>
  <system-out/>
  <testcase name="runScenario" time="4.192" classname="Runner.TestRunner"/>
  <system-out/>
  <testcase name="runScenario" time="9.451" classname="Runner.TestRunner"/>
  <system-out/>
  <testcase name="runScenario" time="8.465" classname="Runner.TestRunner"/>
  <system-out/>
  <testcase name="runScenario" time="4.801" classname="Runner.TestRunner"/>
  <system-out/>
  <testcase name="runScenario" time="7.138" classname="Runner.TestRunner"/>
  <system-out/>
  <testcase name="runScenario" time="6.225" classname="Runner.TestRunner"/>
  <system-out/>
  <testcase name="runScenario" time="1.599" classname="Runner.TestRunner"/>
  <system-out/>
  <testcase name="runScenario" time="21.861" classname="Runner.TestRunner"/>
  <system-out/>
  <testcase name="runScenario" time="16.008" classname="Runner.TestRunner"/>
  <system-out/>
  <testcase name="runScenario" time="8.691" classname="Runner.TestRunner"/>
  <system-out/>
  <testcase name="runScenario" time="4.086" classname="Runner.TestRunner"/>
  <system-out/>
</testsuite> <!-- Runner.TestRunner -->
